{"name": "Поиск товаров", "status": "broken", "statusDetails": {"message": "selenium.common.exceptions.NoSuchElementException: Message: no such element: Unable to locate element: {\"method\":\"xpath\",\"selector\":\"(//span[@class='sDq_FX _2kjxJ6 FxZV-M Yb63TQ lystZ1 FxZV-M'])[1]\"}\n  (Session info: chrome=120.0.6099.234); For documentation on this error, please visit: https://www.selenium.dev/documentation/webdriver/troubleshooting/errors#no-such-element-exception\nStacktrace:\n0   chromedriver                        0x00000001008c6004 chromedriver + 4169732\n1   chromedriver                        0x00000001008bdff8 chromedriver + 4136952\n2   chromedriver                        0x0000000100513500 chromedriver + 292096\n3   chromedriver                        0x00000001005587a0 chromedriver + 575392\n4   chromedriver                        0x0000000100593818 chromedriver + 817176\n5   chromedriver                        0x000000010054c5e8 chromedriver + 525800\n6   chromedriver                        0x000000010054d4b8 chromedriver + 529592\n7   chromedriver                        0x000000010088c334 chromedriver + 3932980\n8   chromedriver                        0x0000000100890970 chromedriver + 3950960\n9   chromedriver                        0x0000000100874774 chromedriver + 3835764\n10  chromedriver                        0x0000000100891478 chromedriver + 3953784\n11  chromedriver                        0x0000000100866ab4 chromedriver + 3779252\n12  chromedriver                        0x00000001008ad914 chromedriver + 4069652\n13  chromedriver                        0x00000001008ada90 chromedriver + 4070032\n14  chromedriver                        0x00000001008bdc70 chromedriver + 4136048\n15  libsystem_pthread.dylib             0x0000000188147034 _pthread_start + 136\n16  libsystem_pthread.dylib             0x0000000188141e3c thread_start + 8", "trace": "driver = <selenium.webdriver.chrome.webdriver.WebDriver (session=\"6fd47f661c1733626121c2259386fac2\")>\n\n    @pytest.mark.presentation\n    @pytest.mark.non_multiple_CPUs_run\n    @allure.suite(\"Поиск, фильтрация и сортировка\")\n    @allure.title(\"Поиск товаров\")\n    def test_search(driver):\n        home_page = HomePage(driver)\n        search_page = SearchPage(driver)\n    \n        search_texts = ['Torba', 'Koszulka', 'Bluza', 'Spodnie']\n        home_page.open()\n    \n        for search_text in search_texts:\n            home_page.search(search_text)\n            time.sleep(1)\n>           search_page.check_search_results_count()\n\ntests/test_zalando.py:98: \n_ _ _ _ _ _ _ _ _ _ _ _ _ _ _ _ _ _ _ _ _ _ _ _ _ _ _ _ _ _ _ _ _ _ _ _ _ _ _ _ _ _ _ _ _ _ _ _ _ _ _ _ _ _ _ _ _ _ _ _ _ _ _ _ _ _ _ _ _ _ _ _ _ _ _ _ _ _ _ _ _ _ _ _ _ _\npages/search_page.py:17: in check_search_results_count\n    count = self.get_search_results_count()\npages/search_page.py:52: in get_search_results_count\n    text = self.find_element(search_page_locators.results_count).text\npages/base_page.py:37: in find_element\n    return self.driver.find_element(by_name, by_val)\n/Library/Frameworks/Python.framework/Versions/3.12/lib/python3.12/site-packages/selenium/webdriver/remote/webdriver.py:742: in find_element\n    return self.execute(Command.FIND_ELEMENT, {\"using\": by, \"value\": value})[\"value\"]\n/Library/Frameworks/Python.framework/Versions/3.12/lib/python3.12/site-packages/selenium/webdriver/remote/webdriver.py:348: in execute\n    self.error_handler.check_response(response)\n_ _ _ _ _ _ _ _ _ _ _ _ _ _ _ _ _ _ _ _ _ _ _ _ _ _ _ _ _ _ _ _ _ _ _ _ _ _ _ _ _ _ _ _ _ _ _ _ _ _ _ _ _ _ _ _ _ _ _ _ _ _ _ _ _ _ _ _ _ _ _ _ _ _ _ _ _ _ _ _ _ _ _ _ _ _\n\nself = <selenium.webdriver.remote.errorhandler.ErrorHandler object at 0x102c910a0>\nresponse = {'status': 404, 'value': '{\"value\":{\"error\":\"no such element\",\"message\":\"no such element: Unable to locate element: {\\...000188147034 _pthread_start + 136\\\\n16  libsystem_pthread.dylib             0x0000000188141e3c thread_start + 8\\\\n\"}}'}\n\n    def check_response(self, response: Dict[str, Any]) -> None:\n        \"\"\"Checks that a JSON response from the WebDriver does not have an\n        error.\n    \n        :Args:\n         - response - The JSON response from the WebDriver server as a dictionary\n           object.\n    \n        :Raises: If the response contains an error message.\n        \"\"\"\n        status = response.get(\"status\", None)\n        if not status or status == ErrorCode.SUCCESS:\n            return\n        value = None\n        message = response.get(\"message\", \"\")\n        screen: str = response.get(\"screen\", \"\")\n        stacktrace = None\n        if isinstance(status, int):\n            value_json = response.get(\"value\", None)\n            if value_json and isinstance(value_json, str):\n                import json\n    \n                try:\n                    value = json.loads(value_json)\n                    if len(value) == 1:\n                        value = value[\"value\"]\n                    status = value.get(\"error\", None)\n                    if not status:\n                        status = value.get(\"status\", ErrorCode.UNKNOWN_ERROR)\n                        message = value.get(\"value\") or value.get(\"message\")\n                        if not isinstance(message, str):\n                            value = message\n                            message = message.get(\"message\")\n                    else:\n                        message = value.get(\"message\", None)\n                except ValueError:\n                    pass\n    \n        exception_class: Type[WebDriverException]\n        e = ErrorCode()\n        error_codes = [item for item in dir(e) if not item.startswith(\"__\")]\n        for error_code in error_codes:\n            error_info = getattr(ErrorCode, error_code)\n            if isinstance(error_info, list) and status in error_info:\n                exception_class = getattr(ExceptionMapping, error_code, WebDriverException)\n                break\n        else:\n            exception_class = WebDriverException\n    \n        if not value:\n            value = response[\"value\"]\n        if isinstance(value, str):\n            raise exception_class(value)\n        if message == \"\" and \"message\" in value:\n            message = value[\"message\"]\n    \n        screen = None  # type: ignore[assignment]\n        if \"screen\" in value:\n            screen = value[\"screen\"]\n    \n        stacktrace = None\n        st_value = value.get(\"stackTrace\") or value.get(\"stacktrace\")\n        if st_value:\n            if isinstance(st_value, str):\n                stacktrace = st_value.split(\"\\n\")\n            else:\n                stacktrace = []\n                try:\n                    for frame in st_value:\n                        line = frame.get(\"lineNumber\", \"\")\n                        file = frame.get(\"fileName\", \"<anonymous>\")\n                        if line:\n                            file = f\"{file}:{line}\"\n                        meth = frame.get(\"methodName\", \"<anonymous>\")\n                        if \"className\" in frame:\n                            meth = f\"{frame['className']}.{meth}\"\n                        msg = \"    at %s (%s)\"\n                        msg = msg % (meth, file)\n                        stacktrace.append(msg)\n                except TypeError:\n                    pass\n        if exception_class == UnexpectedAlertPresentException:\n            alert_text = None\n            if \"data\" in value:\n                alert_text = value[\"data\"].get(\"text\")\n            elif \"alert\" in value:\n                alert_text = value[\"alert\"].get(\"text\")\n            raise exception_class(message, screen, stacktrace, alert_text)  # type: ignore[call-arg]  # mypy is not smart enough here\n>       raise exception_class(message, screen, stacktrace)\nE       selenium.common.exceptions.NoSuchElementException: Message: no such element: Unable to locate element: {\"method\":\"xpath\",\"selector\":\"(//span[@class='sDq_FX _2kjxJ6 FxZV-M Yb63TQ lystZ1 FxZV-M'])[1]\"}\nE         (Session info: chrome=120.0.6099.234); For documentation on this error, please visit: https://www.selenium.dev/documentation/webdriver/troubleshooting/errors#no-such-element-exception\nE       Stacktrace:\nE       0   chromedriver                        0x00000001008c6004 chromedriver + 4169732\nE       1   chromedriver                        0x00000001008bdff8 chromedriver + 4136952\nE       2   chromedriver                        0x0000000100513500 chromedriver + 292096\nE       3   chromedriver                        0x00000001005587a0 chromedriver + 575392\nE       4   chromedriver                        0x0000000100593818 chromedriver + 817176\nE       5   chromedriver                        0x000000010054c5e8 chromedriver + 525800\nE       6   chromedriver                        0x000000010054d4b8 chromedriver + 529592\nE       7   chromedriver                        0x000000010088c334 chromedriver + 3932980\nE       8   chromedriver                        0x0000000100890970 chromedriver + 3950960\nE       9   chromedriver                        0x0000000100874774 chromedriver + 3835764\nE       10  chromedriver                        0x0000000100891478 chromedriver + 3953784\nE       11  chromedriver                        0x0000000100866ab4 chromedriver + 3779252\nE       12  chromedriver                        0x00000001008ad914 chromedriver + 4069652\nE       13  chromedriver                        0x00000001008ada90 chromedriver + 4070032\nE       14  chromedriver                        0x00000001008bdc70 chromedriver + 4136048\nE       15  libsystem_pthread.dylib             0x0000000188147034 _pthread_start + 136\nE       16  libsystem_pthread.dylib             0x0000000188141e3c thread_start + 8\n\n/Library/Frameworks/Python.framework/Versions/3.12/lib/python3.12/site-packages/selenium/webdriver/remote/errorhandler.py:229: NoSuchElementException"}, "steps": [{"name": "Перейти на главную страницу", "status": "passed", "steps": [{"name": "Принять cookies", "status": "passed", "start": 1705859607665, "stop": 1705859607738}], "start": 1705859603181, "stop": 1705859607738}, {"name": "Нажать на кнопку поиска", "status": "passed", "start": 1705859607738, "stop": 1705859608788}, {"name": "Очистить поле поиска", "status": "passed", "start": 1705859608788, "stop": 1705859610958}, {"name": "Ввести в поисковую строку", "status": "passed", "start": 1705859610959, "stop": 1705859612015}, {"name": "Подтвердить поиск нажав на клавишу Enter", "status": "passed", "start": 1705859612015, "stop": 1705859614070}, {"name": "Проверить, что количество результатов больше нуля", "status": "passed", "steps": [{"name": "Получить количество результатов поиска", "status": "passed", "start": 1705859615075, "stop": 1705859615106}], "start": 1705859615075, "stop": 1705859615106}, {"name": "Проверить, текст поиска в поле поиска и в заголовке страницы совпадают", "status": "passed", "start": 1705859615106, "stop": 1705859615132}, {"name": "Нажать на кнопку поиска", "status": "passed", "start": 1705859616137, "stop": 1705859617197}, {"name": "Очистить поле поиска", "status": "passed", "start": 1705859617197, "stop": 1705859619298}, {"name": "Ввести в поисковую строку", "status": "passed", "start": 1705859619298, "stop": 1705859620358}, {"name": "Подтвердить поиск нажав на клавишу Enter", "status": "passed", "start": 1705859620359, "stop": 1705859622099}, {"name": "Проверить, что количество результатов больше нуля", "status": "broken", "statusDetails": {"message": "selenium.common.exceptions.NoSuchElementException: Message: no such element: Unable to locate element: {\"method\":\"xpath\",\"selector\":\"(//span[@class='sDq_FX _2kjxJ6 FxZV-M Yb63TQ lystZ1 FxZV-M'])[1]\"}\n  (Session info: chrome=120.0.6099.234); For documentation on this error, please visit: https://www.selenium.dev/documentation/webdriver/troubleshooting/errors#no-such-element-exception\nStacktrace:\n0   chromedriver                        0x00000001008c6004 chromedriver + 4169732\n1   chromedriver                        0x00000001008bdff8 chromedriver + 4136952\n2   chromedriver                        0x0000000100513500 chromedriver + 292096\n3   chromedriver                        0x00000001005587a0 chromedriver + 575392\n4   chromedriver                        0x0000000100593818 chromedriver + 817176\n5   chromedriver                        0x000000010054c5e8 chromedriver + 525800\n6   chromedriver                        0x000000010054d4b8 chromedriver + 529592\n7   chromedriver                        0x000000010088c334 chromedriver + 3932980\n8   chromedriver                        0x0000000100890970 chromedriver + 3950960\n9   chromedriver                        0x0000000100874774 chromedriver + 3835764\n10  chromedriver                        0x0000000100891478 chromedriver + 3953784\n11  chromedriver                        0x0000000100866ab4 chromedriver + 3779252\n12  chromedriver                        0x00000001008ad914 chromedriver + 4069652\n13  chromedriver                        0x00000001008ada90 chromedriver + 4070032\n14  chromedriver                        0x00000001008bdc70 chromedriver + 4136048\n15  libsystem_pthread.dylib             0x0000000188147034 _pthread_start + 136\n16  libsystem_pthread.dylib             0x0000000188141e3c thread_start + 8\n\n", "trace": "  File \"/Users/tanya/Desktop/python/diplom/pages/search_page.py\", line 17, in check_search_results_count\n    count = self.get_search_results_count()\n            ^^^^^^^^^^^^^^^^^^^^^^^^^^^^^^^\n  File \"/Users/tanya/Desktop/python/diplom/pages/search_page.py\", line 52, in get_search_results_count\n    text = self.find_element(search_page_locators.results_count).text\n           ^^^^^^^^^^^^^^^^^^^^^^^^^^^^^^^^^^^^^^^^^^^^^^^^^^^^^\n  File \"/Users/tanya/Desktop/python/diplom/pages/base_page.py\", line 37, in find_element\n    return self.driver.find_element(by_name, by_val)\n           ^^^^^^^^^^^^^^^^^^^^^^^^^^^^^^^^^^^^^^^^^\n  File \"/Library/Frameworks/Python.framework/Versions/3.12/lib/python3.12/site-packages/selenium/webdriver/remote/webdriver.py\", line 742, in find_element\n    return self.execute(Command.FIND_ELEMENT, {\"using\": by, \"value\": value})[\"value\"]\n           ^^^^^^^^^^^^^^^^^^^^^^^^^^^^^^^^^^^^^^^^^^^^^^^^^^^^^^^^^^^^^^^^^\n  File \"/Library/Frameworks/Python.framework/Versions/3.12/lib/python3.12/site-packages/selenium/webdriver/remote/webdriver.py\", line 348, in execute\n    self.error_handler.check_response(response)\n  File \"/Library/Frameworks/Python.framework/Versions/3.12/lib/python3.12/site-packages/selenium/webdriver/remote/errorhandler.py\", line 229, in check_response\n    raise exception_class(message, screen, stacktrace)\n"}, "steps": [{"name": "Получить количество результатов поиска", "status": "broken", "statusDetails": {"message": "selenium.common.exceptions.NoSuchElementException: Message: no such element: Unable to locate element: {\"method\":\"xpath\",\"selector\":\"(//span[@class='sDq_FX _2kjxJ6 FxZV-M Yb63TQ lystZ1 FxZV-M'])[1]\"}\n  (Session info: chrome=120.0.6099.234); For documentation on this error, please visit: https://www.selenium.dev/documentation/webdriver/troubleshooting/errors#no-such-element-exception\nStacktrace:\n0   chromedriver                        0x00000001008c6004 chromedriver + 4169732\n1   chromedriver                        0x00000001008bdff8 chromedriver + 4136952\n2   chromedriver                        0x0000000100513500 chromedriver + 292096\n3   chromedriver                        0x00000001005587a0 chromedriver + 575392\n4   chromedriver                        0x0000000100593818 chromedriver + 817176\n5   chromedriver                        0x000000010054c5e8 chromedriver + 525800\n6   chromedriver                        0x000000010054d4b8 chromedriver + 529592\n7   chromedriver                        0x000000010088c334 chromedriver + 3932980\n8   chromedriver                        0x0000000100890970 chromedriver + 3950960\n9   chromedriver                        0x0000000100874774 chromedriver + 3835764\n10  chromedriver                        0x0000000100891478 chromedriver + 3953784\n11  chromedriver                        0x0000000100866ab4 chromedriver + 3779252\n12  chromedriver                        0x00000001008ad914 chromedriver + 4069652\n13  chromedriver                        0x00000001008ada90 chromedriver + 4070032\n14  chromedriver                        0x00000001008bdc70 chromedriver + 4136048\n15  libsystem_pthread.dylib             0x0000000188147034 _pthread_start + 136\n16  libsystem_pthread.dylib             0x0000000188141e3c thread_start + 8\n\n", "trace": "  File \"/Users/tanya/Desktop/python/diplom/pages/search_page.py\", line 52, in get_search_results_count\n    text = self.find_element(search_page_locators.results_count).text\n           ^^^^^^^^^^^^^^^^^^^^^^^^^^^^^^^^^^^^^^^^^^^^^^^^^^^^^\n  File \"/Users/tanya/Desktop/python/diplom/pages/base_page.py\", line 37, in find_element\n    return self.driver.find_element(by_name, by_val)\n           ^^^^^^^^^^^^^^^^^^^^^^^^^^^^^^^^^^^^^^^^^\n  File \"/Library/Frameworks/Python.framework/Versions/3.12/lib/python3.12/site-packages/selenium/webdriver/remote/webdriver.py\", line 742, in find_element\n    return self.execute(Command.FIND_ELEMENT, {\"using\": by, \"value\": value})[\"value\"]\n           ^^^^^^^^^^^^^^^^^^^^^^^^^^^^^^^^^^^^^^^^^^^^^^^^^^^^^^^^^^^^^^^^^\n  File \"/Library/Frameworks/Python.framework/Versions/3.12/lib/python3.12/site-packages/selenium/webdriver/remote/webdriver.py\", line 348, in execute\n    self.error_handler.check_response(response)\n  File \"/Library/Frameworks/Python.framework/Versions/3.12/lib/python3.12/site-packages/selenium/webdriver/remote/errorhandler.py\", line 229, in check_response\n    raise exception_class(message, screen, stacktrace)\n"}, "start": 1705859623105, "stop": 1705859633160}], "start": 1705859623105, "stop": 1705859633170}], "attachments": [{"name": "log", "source": "96fccc48-d4a2-4de4-af26-994101b3d1bf-attachment.txt", "type": "text/plain"}], "start": 1705859603181, "stop": 1705859633171, "uuid": "de1be2c4-8009-45a4-8d55-50614708ba3e", "historyId": "5d597aa72180dccc54382b73085b864a", "testCaseId": "5d597aa72180dccc54382b73085b864a", "fullName": "tests.test_zalando#test_search", "labels": [{"name": "suite", "value": "Поиск, фильтрация и сортировка"}, {"name": "tag", "value": "non_multiple_CPUs_run"}, {"name": "tag", "value": "presentation"}, {"name": "parentSuite", "value": "tests"}, {"name": "host", "value": "macbook-air"}, {"name": "thread", "value": "68044-MainThread"}, {"name": "framework", "value": "pytest"}, {"name": "language", "value": "cpython3"}, {"name": "package", "value": "tests.test_zalando"}]}